mode: set
github.com/dauid64/super_chat_backend/src/controllers/login.go:16.52,18.16 2 0
github.com/dauid64/super_chat_backend/src/controllers/login.go:18.16,21.3 2 0
github.com/dauid64/super_chat_backend/src/controllers/login.go:23.2,24.58 2 0
github.com/dauid64/super_chat_backend/src/controllers/login.go:24.58,27.3 2 0
github.com/dauid64/super_chat_backend/src/controllers/login.go:29.2,31.25 3 0
github.com/dauid64/super_chat_backend/src/controllers/login.go:31.25,34.3 2 0
github.com/dauid64/super_chat_backend/src/controllers/login.go:36.2,37.16 2 0
github.com/dauid64/super_chat_backend/src/controllers/login.go:37.16,40.3 2 0
github.com/dauid64/super_chat_backend/src/controllers/login.go:42.2,43.16 2 0
github.com/dauid64/super_chat_backend/src/controllers/login.go:43.16,46.3 2 0
github.com/dauid64/super_chat_backend/src/controllers/login.go:48.2,50.87 2 0
github.com/dauid64/super_chat_backend/src/controllers/messages.go:16.60,18.16 2 0
github.com/dauid64/super_chat_backend/src/controllers/messages.go:18.16,21.3 2 0
github.com/dauid64/super_chat_backend/src/controllers/messages.go:23.2,24.16 2 0
github.com/dauid64/super_chat_backend/src/controllers/messages.go:24.16,27.3 2 0
github.com/dauid64/super_chat_backend/src/controllers/messages.go:29.2,31.16 3 0
github.com/dauid64/super_chat_backend/src/controllers/messages.go:31.16,34.3 2 0
github.com/dauid64/super_chat_backend/src/controllers/messages.go:36.2,39.25 3 0
github.com/dauid64/super_chat_backend/src/controllers/messages.go:39.25,42.3 2 0
github.com/dauid64/super_chat_backend/src/controllers/messages.go:44.2,44.43 1 0
github.com/dauid64/super_chat_backend/src/controllers/messages.go:47.62,51.16 3 0
github.com/dauid64/super_chat_backend/src/controllers/messages.go:51.16,54.3 2 0
github.com/dauid64/super_chat_backend/src/controllers/messages.go:56.2,57.16 2 0
github.com/dauid64/super_chat_backend/src/controllers/messages.go:57.16,60.3 2 0
github.com/dauid64/super_chat_backend/src/controllers/messages.go:62.2,68.25 3 0
github.com/dauid64/super_chat_backend/src/controllers/messages.go:68.25,70.3 1 0
github.com/dauid64/super_chat_backend/src/controllers/messages.go:72.2,72.44 1 0
github.com/dauid64/super_chat_backend/src/controllers/users.go:19.58,21.16 2 1
github.com/dauid64/super_chat_backend/src/controllers/users.go:21.16,24.3 2 1
github.com/dauid64/super_chat_backend/src/controllers/users.go:26.2,29.25 3 1
github.com/dauid64/super_chat_backend/src/controllers/users.go:29.25,32.3 2 0
github.com/dauid64/super_chat_backend/src/controllers/users.go:34.2,34.41 1 1
github.com/dauid64/super_chat_backend/src/controllers/users.go:37.60,41.16 3 0
github.com/dauid64/super_chat_backend/src/controllers/users.go:41.16,44.3 2 0
github.com/dauid64/super_chat_backend/src/controllers/users.go:46.2,49.25 3 0
github.com/dauid64/super_chat_backend/src/controllers/users.go:49.25,52.3 2 0
github.com/dauid64/super_chat_backend/src/controllers/users.go:54.2,54.40 1 0
github.com/dauid64/super_chat_backend/src/controllers/users.go:57.57,59.16 2 1
github.com/dauid64/super_chat_backend/src/controllers/users.go:59.16,62.3 2 0
github.com/dauid64/super_chat_backend/src/controllers/users.go:64.2,66.16 3 1
github.com/dauid64/super_chat_backend/src/controllers/users.go:66.16,69.3 2 1
github.com/dauid64/super_chat_backend/src/controllers/users.go:71.2,72.16 2 1
github.com/dauid64/super_chat_backend/src/controllers/users.go:72.16,75.3 2 1
github.com/dauid64/super_chat_backend/src/controllers/users.go:77.2,78.25 2 1
github.com/dauid64/super_chat_backend/src/controllers/users.go:78.25,79.44 1 1
github.com/dauid64/super_chat_backend/src/controllers/users.go:79.44,82.4 2 1
github.com/dauid64/super_chat_backend/src/controllers/users.go:82.9,85.4 2 0
github.com/dauid64/super_chat_backend/src/controllers/users.go:88.2,88.45 1 1
github.com/dauid64/super_chat_backend/src/controllers/users.go:91.58,93.17 2 0
github.com/dauid64/super_chat_backend/src/controllers/users.go:93.17,96.3 2 0
github.com/dauid64/super_chat_backend/src/controllers/users.go:98.2,100.25 3 0
github.com/dauid64/super_chat_backend/src/controllers/users.go:100.25,103.3 2 0
github.com/dauid64/super_chat_backend/src/controllers/users.go:105.2,105.40 1 0
